CRITICAL - 2023-12-10 06:34:46 --> Allowed fields must be specified for model: App\Models\crud
#0 C:\xampp\htdocs\rw\Rekayasa_web\ci_4_p10\system\Model.php(1265): CodeIgniter\Database\Exceptions\DataException::forInvalidAllowedFields('App\\Models\\crud')
#1 C:\xampp\htdocs\rw\Rekayasa_web\ci_4_p10\system\Model.php(735): CodeIgniter\Model->doProtectFields(Array)
#2 C:\xampp\htdocs\rw\Rekayasa_web\ci_4_p10\app\Models\crud.php(9): CodeIgniter\Model->insert(Array)
#3 C:\xampp\htdocs\rw\Rekayasa_web\ci_4_p10\app\Controllers\Latihan.php(33): App\Models\crud->simpanPegawai(Array)
#4 C:\xampp\htdocs\rw\Rekayasa_web\ci_4_p10\system\CodeIgniter.php(918): App\Controllers\Latihan->simpanData()
#5 C:\xampp\htdocs\rw\Rekayasa_web\ci_4_p10\system\CodeIgniter.php(404): CodeIgniter\CodeIgniter->runController(Object(App\Controllers\Latihan))
#6 C:\xampp\htdocs\rw\Rekayasa_web\ci_4_p10\system\CodeIgniter.php(312): CodeIgniter\CodeIgniter->handleRequest(NULL, Object(Config\Cache), false)
#7 C:\xampp\htdocs\rw\Rekayasa_web\ci_4_p10\index.php(45): CodeIgniter\CodeIgniter->run()
#8 {main}
CRITICAL - 2023-12-10 06:40:36 --> Allowed fields must be specified for model: App\Models\crud
#0 C:\xampp\htdocs\rw\Rekayasa_web\ci_4_p10\system\Model.php(1265): CodeIgniter\Database\Exceptions\DataException::forInvalidAllowedFields('App\\Models\\crud')
#1 C:\xampp\htdocs\rw\Rekayasa_web\ci_4_p10\system\Model.php(735): CodeIgniter\Model->doProtectFields(Array)
#2 C:\xampp\htdocs\rw\Rekayasa_web\ci_4_p10\app\Models\crud.php(10): CodeIgniter\Model->insert(Array)
#3 C:\xampp\htdocs\rw\Rekayasa_web\ci_4_p10\app\Controllers\Latihan.php(33): App\Models\crud->simpanPegawai(Array)
#4 C:\xampp\htdocs\rw\Rekayasa_web\ci_4_p10\system\CodeIgniter.php(918): App\Controllers\Latihan->simpanData()
#5 C:\xampp\htdocs\rw\Rekayasa_web\ci_4_p10\system\CodeIgniter.php(404): CodeIgniter\CodeIgniter->runController(Object(App\Controllers\Latihan))
#6 C:\xampp\htdocs\rw\Rekayasa_web\ci_4_p10\system\CodeIgniter.php(312): CodeIgniter\CodeIgniter->handleRequest(NULL, Object(Config\Cache), false)
#7 C:\xampp\htdocs\rw\Rekayasa_web\ci_4_p10\index.php(45): CodeIgniter\CodeIgniter->run()
#8 {main}
CRITICAL - 2023-12-10 06:45:15 --> You must set the database table to be used with your query.
#0 C:\xampp\htdocs\rw\Rekayasa_web\ci_4_p10\system\Model.php(1237): CodeIgniter\Database\BaseConnection->table(NULL)
#1 C:\xampp\htdocs\rw\Rekayasa_web\ci_4_p10\system\Model.php(1816): CodeIgniter\Model->builder()
#2 C:\xampp\htdocs\rw\Rekayasa_web\ci_4_p10\app\Models\crud.php(21): CodeIgniter\Model->__call('orderBy', Array)
#3 C:\xampp\htdocs\rw\Rekayasa_web\ci_4_p10\app\Controllers\Latihan.php(17): App\Models\crud->tampilpegawai()
#4 C:\xampp\htdocs\rw\Rekayasa_web\ci_4_p10\system\CodeIgniter.php(918): App\Controllers\Latihan->index()
#5 C:\xampp\htdocs\rw\Rekayasa_web\ci_4_p10\system\CodeIgniter.php(404): CodeIgniter\CodeIgniter->runController(Object(App\Controllers\Latihan))
#6 C:\xampp\htdocs\rw\Rekayasa_web\ci_4_p10\system\CodeIgniter.php(312): CodeIgniter\CodeIgniter->handleRequest(NULL, Object(Config\Cache), false)
#7 C:\xampp\htdocs\rw\Rekayasa_web\ci_4_p10\index.php(45): CodeIgniter\CodeIgniter->run()
#8 {main}
CRITICAL - 2023-12-10 06:45:21 --> You must set the database table to be used with your query.
#0 C:\xampp\htdocs\rw\Rekayasa_web\ci_4_p10\system\Model.php(1237): CodeIgniter\Database\BaseConnection->table(NULL)
#1 C:\xampp\htdocs\rw\Rekayasa_web\ci_4_p10\system\Model.php(1816): CodeIgniter\Model->builder()
#2 C:\xampp\htdocs\rw\Rekayasa_web\ci_4_p10\app\Models\crud.php(21): CodeIgniter\Model->__call('orderBy', Array)
#3 C:\xampp\htdocs\rw\Rekayasa_web\ci_4_p10\app\Controllers\Latihan.php(17): App\Models\crud->tampilpegawai()
#4 C:\xampp\htdocs\rw\Rekayasa_web\ci_4_p10\system\CodeIgniter.php(918): App\Controllers\Latihan->index()
#5 C:\xampp\htdocs\rw\Rekayasa_web\ci_4_p10\system\CodeIgniter.php(404): CodeIgniter\CodeIgniter->runController(Object(App\Controllers\Latihan))
#6 C:\xampp\htdocs\rw\Rekayasa_web\ci_4_p10\system\CodeIgniter.php(312): CodeIgniter\CodeIgniter->handleRequest(NULL, Object(Config\Cache), false)
#7 C:\xampp\htdocs\rw\Rekayasa_web\ci_4_p10\index.php(45): CodeIgniter\CodeIgniter->run()
#8 {main}
CRITICAL - 2023-12-10 06:45:22 --> You must set the database table to be used with your query.
#0 C:\xampp\htdocs\rw\Rekayasa_web\ci_4_p10\system\Model.php(1237): CodeIgniter\Database\BaseConnection->table(NULL)
#1 C:\xampp\htdocs\rw\Rekayasa_web\ci_4_p10\system\Model.php(1816): CodeIgniter\Model->builder()
#2 C:\xampp\htdocs\rw\Rekayasa_web\ci_4_p10\app\Models\crud.php(21): CodeIgniter\Model->__call('orderBy', Array)
#3 C:\xampp\htdocs\rw\Rekayasa_web\ci_4_p10\app\Controllers\Latihan.php(17): App\Models\crud->tampilpegawai()
#4 C:\xampp\htdocs\rw\Rekayasa_web\ci_4_p10\system\CodeIgniter.php(918): App\Controllers\Latihan->index()
#5 C:\xampp\htdocs\rw\Rekayasa_web\ci_4_p10\system\CodeIgniter.php(404): CodeIgniter\CodeIgniter->runController(Object(App\Controllers\Latihan))
#6 C:\xampp\htdocs\rw\Rekayasa_web\ci_4_p10\system\CodeIgniter.php(312): CodeIgniter\CodeIgniter->handleRequest(NULL, Object(Config\Cache), false)
#7 C:\xampp\htdocs\rw\Rekayasa_web\ci_4_p10\index.php(45): CodeIgniter\CodeIgniter->run()
#8 {main}
CRITICAL - 2023-12-10 06:46:07 --> You must set the database table to be used with your query.
#0 C:\xampp\htdocs\rw\Rekayasa_web\ci_4_p10\system\Model.php(1237): CodeIgniter\Database\BaseConnection->table(NULL)
#1 C:\xampp\htdocs\rw\Rekayasa_web\ci_4_p10\system\Model.php(1816): CodeIgniter\Model->builder()
#2 C:\xampp\htdocs\rw\Rekayasa_web\ci_4_p10\app\Models\crud.php(22): CodeIgniter\Model->__call('orderBy', Array)
#3 C:\xampp\htdocs\rw\Rekayasa_web\ci_4_p10\app\Controllers\Latihan.php(17): App\Models\crud->tampilpegawai()
#4 C:\xampp\htdocs\rw\Rekayasa_web\ci_4_p10\system\CodeIgniter.php(918): App\Controllers\Latihan->index()
#5 C:\xampp\htdocs\rw\Rekayasa_web\ci_4_p10\system\CodeIgniter.php(404): CodeIgniter\CodeIgniter->runController(Object(App\Controllers\Latihan))
#6 C:\xampp\htdocs\rw\Rekayasa_web\ci_4_p10\system\CodeIgniter.php(312): CodeIgniter\CodeIgniter->handleRequest(NULL, Object(Config\Cache), false)
#7 C:\xampp\htdocs\rw\Rekayasa_web\ci_4_p10\index.php(45): CodeIgniter\CodeIgniter->run()
#8 {main}
CRITICAL - 2023-12-10 06:46:07 --> You must set the database table to be used with your query.
#0 C:\xampp\htdocs\rw\Rekayasa_web\ci_4_p10\system\Model.php(1237): CodeIgniter\Database\BaseConnection->table(NULL)
#1 C:\xampp\htdocs\rw\Rekayasa_web\ci_4_p10\system\Model.php(1816): CodeIgniter\Model->builder()
#2 C:\xampp\htdocs\rw\Rekayasa_web\ci_4_p10\app\Models\crud.php(22): CodeIgniter\Model->__call('orderBy', Array)
#3 C:\xampp\htdocs\rw\Rekayasa_web\ci_4_p10\app\Controllers\Latihan.php(17): App\Models\crud->tampilpegawai()
#4 C:\xampp\htdocs\rw\Rekayasa_web\ci_4_p10\system\CodeIgniter.php(918): App\Controllers\Latihan->index()
#5 C:\xampp\htdocs\rw\Rekayasa_web\ci_4_p10\system\CodeIgniter.php(404): CodeIgniter\CodeIgniter->runController(Object(App\Controllers\Latihan))
#6 C:\xampp\htdocs\rw\Rekayasa_web\ci_4_p10\system\CodeIgniter.php(312): CodeIgniter\CodeIgniter->handleRequest(NULL, Object(Config\Cache), false)
#7 C:\xampp\htdocs\rw\Rekayasa_web\ci_4_p10\index.php(45): CodeIgniter\CodeIgniter->run()
#8 {main}
CRITICAL - 2023-12-10 06:46:08 --> You must set the database table to be used with your query.
#0 C:\xampp\htdocs\rw\Rekayasa_web\ci_4_p10\system\Model.php(1237): CodeIgniter\Database\BaseConnection->table(NULL)
#1 C:\xampp\htdocs\rw\Rekayasa_web\ci_4_p10\system\Model.php(1816): CodeIgniter\Model->builder()
#2 C:\xampp\htdocs\rw\Rekayasa_web\ci_4_p10\app\Models\crud.php(22): CodeIgniter\Model->__call('orderBy', Array)
#3 C:\xampp\htdocs\rw\Rekayasa_web\ci_4_p10\app\Controllers\Latihan.php(17): App\Models\crud->tampilpegawai()
#4 C:\xampp\htdocs\rw\Rekayasa_web\ci_4_p10\system\CodeIgniter.php(918): App\Controllers\Latihan->index()
#5 C:\xampp\htdocs\rw\Rekayasa_web\ci_4_p10\system\CodeIgniter.php(404): CodeIgniter\CodeIgniter->runController(Object(App\Controllers\Latihan))
#6 C:\xampp\htdocs\rw\Rekayasa_web\ci_4_p10\system\CodeIgniter.php(312): CodeIgniter\CodeIgniter->handleRequest(NULL, Object(Config\Cache), false)
#7 C:\xampp\htdocs\rw\Rekayasa_web\ci_4_p10\index.php(45): CodeIgniter\CodeIgniter->run()
#8 {main}
CRITICAL - 2023-12-10 06:46:08 --> You must set the database table to be used with your query.
#0 C:\xampp\htdocs\rw\Rekayasa_web\ci_4_p10\system\Model.php(1237): CodeIgniter\Database\BaseConnection->table(NULL)
#1 C:\xampp\htdocs\rw\Rekayasa_web\ci_4_p10\system\Model.php(1816): CodeIgniter\Model->builder()
#2 C:\xampp\htdocs\rw\Rekayasa_web\ci_4_p10\app\Models\crud.php(22): CodeIgniter\Model->__call('orderBy', Array)
#3 C:\xampp\htdocs\rw\Rekayasa_web\ci_4_p10\app\Controllers\Latihan.php(17): App\Models\crud->tampilpegawai()
#4 C:\xampp\htdocs\rw\Rekayasa_web\ci_4_p10\system\CodeIgniter.php(918): App\Controllers\Latihan->index()
#5 C:\xampp\htdocs\rw\Rekayasa_web\ci_4_p10\system\CodeIgniter.php(404): CodeIgniter\CodeIgniter->runController(Object(App\Controllers\Latihan))
#6 C:\xampp\htdocs\rw\Rekayasa_web\ci_4_p10\system\CodeIgniter.php(312): CodeIgniter\CodeIgniter->handleRequest(NULL, Object(Config\Cache), false)
#7 C:\xampp\htdocs\rw\Rekayasa_web\ci_4_p10\index.php(45): CodeIgniter\CodeIgniter->run()
#8 {main}
CRITICAL - 2023-12-10 06:46:17 --> You must set the database table to be used with your query.
#0 C:\xampp\htdocs\rw\Rekayasa_web\ci_4_p10\system\Model.php(1237): CodeIgniter\Database\BaseConnection->table(NULL)
#1 C:\xampp\htdocs\rw\Rekayasa_web\ci_4_p10\system\Model.php(1816): CodeIgniter\Model->builder()
#2 C:\xampp\htdocs\rw\Rekayasa_web\ci_4_p10\app\Models\crud.php(22): CodeIgniter\Model->__call('orderBy', Array)
#3 C:\xampp\htdocs\rw\Rekayasa_web\ci_4_p10\app\Controllers\Latihan.php(17): App\Models\crud->tampilpegawai()
#4 C:\xampp\htdocs\rw\Rekayasa_web\ci_4_p10\system\CodeIgniter.php(918): App\Controllers\Latihan->index()
#5 C:\xampp\htdocs\rw\Rekayasa_web\ci_4_p10\system\CodeIgniter.php(404): CodeIgniter\CodeIgniter->runController(Object(App\Controllers\Latihan))
#6 C:\xampp\htdocs\rw\Rekayasa_web\ci_4_p10\system\CodeIgniter.php(312): CodeIgniter\CodeIgniter->handleRequest(NULL, Object(Config\Cache), false)
#7 C:\xampp\htdocs\rw\Rekayasa_web\ci_4_p10\index.php(45): CodeIgniter\CodeIgniter->run()
#8 {main}
CRITICAL - 2023-12-10 06:47:42 --> You must set the database table to be used with your query.
#0 C:\xampp\htdocs\rw\Rekayasa_web\ci_4_p10\system\Model.php(1237): CodeIgniter\Database\BaseConnection->table(NULL)
#1 C:\xampp\htdocs\rw\Rekayasa_web\ci_4_p10\system\Model.php(753): CodeIgniter\Model->builder()
#2 C:\xampp\htdocs\rw\Rekayasa_web\ci_4_p10\app\Models\crud.php(15): CodeIgniter\Model->insert(Array)
#3 C:\xampp\htdocs\rw\Rekayasa_web\ci_4_p10\app\Controllers\Latihan.php(33): App\Models\crud->simpanPegawai(Array)
#4 C:\xampp\htdocs\rw\Rekayasa_web\ci_4_p10\system\CodeIgniter.php(918): App\Controllers\Latihan->simpanData()
#5 C:\xampp\htdocs\rw\Rekayasa_web\ci_4_p10\system\CodeIgniter.php(404): CodeIgniter\CodeIgniter->runController(Object(App\Controllers\Latihan))
#6 C:\xampp\htdocs\rw\Rekayasa_web\ci_4_p10\system\CodeIgniter.php(312): CodeIgniter\CodeIgniter->handleRequest(NULL, Object(Config\Cache), false)
#7 C:\xampp\htdocs\rw\Rekayasa_web\ci_4_p10\index.php(45): CodeIgniter\CodeIgniter->run()
#8 {main}
CRITICAL - 2023-12-10 06:48:34 --> You must set the database table to be used with your query.
#0 C:\xampp\htdocs\rw\Rekayasa_web\ci_4_p10\system\Model.php(1237): CodeIgniter\Database\BaseConnection->table(NULL)
#1 C:\xampp\htdocs\rw\Rekayasa_web\ci_4_p10\system\Model.php(753): CodeIgniter\Model->builder()
#2 C:\xampp\htdocs\rw\Rekayasa_web\ci_4_p10\app\Models\crud.php(16): CodeIgniter\Model->insert(Array)
#3 C:\xampp\htdocs\rw\Rekayasa_web\ci_4_p10\app\Controllers\Latihan.php(33): App\Models\crud->simpanPegawai(Array)
#4 C:\xampp\htdocs\rw\Rekayasa_web\ci_4_p10\system\CodeIgniter.php(918): App\Controllers\Latihan->simpanData()
#5 C:\xampp\htdocs\rw\Rekayasa_web\ci_4_p10\system\CodeIgniter.php(404): CodeIgniter\CodeIgniter->runController(Object(App\Controllers\Latihan))
#6 C:\xampp\htdocs\rw\Rekayasa_web\ci_4_p10\system\CodeIgniter.php(312): CodeIgniter\CodeIgniter->handleRequest(NULL, Object(Config\Cache), false)
#7 C:\xampp\htdocs\rw\Rekayasa_web\ci_4_p10\index.php(45): CodeIgniter\CodeIgniter->run()
#8 {main}
CRITICAL - 2023-12-10 07:02:44 --> Too few arguments to function App\Controllers\Latihan::hapusData(), 0 passed in C:\xampp\htdocs\rw\Rekayasa_web\ci_4_p10\system\CodeIgniter.php on line 918 and exactly 1 expected
#0 C:\xampp\htdocs\rw\Rekayasa_web\ci_4_p10\system\CodeIgniter.php(918): App\Controllers\Latihan->hapusData()
#1 C:\xampp\htdocs\rw\Rekayasa_web\ci_4_p10\system\CodeIgniter.php(404): CodeIgniter\CodeIgniter->runController(Object(App\Controllers\Latihan))
#2 C:\xampp\htdocs\rw\Rekayasa_web\ci_4_p10\system\CodeIgniter.php(312): CodeIgniter\CodeIgniter->handleRequest(NULL, Object(Config\Cache), false)
#3 C:\xampp\htdocs\rw\Rekayasa_web\ci_4_p10\index.php(45): CodeIgniter\CodeIgniter->run()
#4 {main}
CRITICAL - 2023-12-10 07:05:34 --> You must set the database table to be used with your query.
#0 C:\xampp\htdocs\rw\Rekayasa_web\ci_4_p10\system\Model.php(1237): CodeIgniter\Database\BaseConnection->table(NULL)
#1 C:\xampp\htdocs\rw\Rekayasa_web\ci_4_p10\system\Model.php(1816): CodeIgniter\Model->builder()
#2 C:\xampp\htdocs\rw\Rekayasa_web\ci_4_p10\app\Controllers\Latihan.php(49): CodeIgniter\Model->__call('hapusPegawai', Array)
#3 C:\xampp\htdocs\rw\Rekayasa_web\ci_4_p10\system\CodeIgniter.php(918): App\Controllers\Latihan->hapusData('3')
#4 C:\xampp\htdocs\rw\Rekayasa_web\ci_4_p10\system\CodeIgniter.php(404): CodeIgniter\CodeIgniter->runController(Object(App\Controllers\Latihan))
#5 C:\xampp\htdocs\rw\Rekayasa_web\ci_4_p10\system\CodeIgniter.php(312): CodeIgniter\CodeIgniter->handleRequest(NULL, Object(Config\Cache), false)
#6 C:\xampp\htdocs\rw\Rekayasa_web\ci_4_p10\index.php(45): CodeIgniter\CodeIgniter->run()
#7 {main}
