CRITICAL - 2023-11-27 01:54:47 --> Unable to connect to the database.
#0 C:\xampp\htdocs\rw\ci_4_p10\system\Database\BaseConnection.php(646): CodeIgniter\Database\BaseConnection->initialize()
#1 C:\xampp\htdocs\rw\ci_4_p10\system\Database\BaseBuilder.php(1860): CodeIgniter\Database\BaseConnection->query('SELECT *\nFROM `...', Array, false)
#2 C:\xampp\htdocs\rw\ci_4_p10\app\Models\crud.php(10): CodeIgniter\Database\BaseBuilder->get()
#3 C:\xampp\htdocs\rw\ci_4_p10\app\Controllers\Latihan.php(15): App\Models\crud->tampilPegawai()
#4 C:\xampp\htdocs\rw\ci_4_p10\system\CodeIgniter.php(918): App\Controllers\Latihan->index()
#5 C:\xampp\htdocs\rw\ci_4_p10\system\CodeIgniter.php(404): CodeIgniter\CodeIgniter->runController(Object(App\Controllers\Latihan))
#6 C:\xampp\htdocs\rw\ci_4_p10\system\CodeIgniter.php(312): CodeIgniter\CodeIgniter->handleRequest(NULL, Object(Config\Cache), false)
#7 C:\xampp\htdocs\rw\ci_4_p10\index.php(45): CodeIgniter\CodeIgniter->run()
#8 {main}
CRITICAL - 2023-11-27 01:54:53 --> Unable to connect to the database.
#0 C:\xampp\htdocs\rw\ci_4_p10\system\Database\BaseConnection.php(646): CodeIgniter\Database\BaseConnection->initialize()
#1 C:\xampp\htdocs\rw\ci_4_p10\system\Database\BaseBuilder.php(1860): CodeIgniter\Database\BaseConnection->query('SELECT *\nFROM `...', Array, false)
#2 C:\xampp\htdocs\rw\ci_4_p10\app\Models\crud.php(10): CodeIgniter\Database\BaseBuilder->get()
#3 C:\xampp\htdocs\rw\ci_4_p10\app\Controllers\Latihan.php(15): App\Models\crud->tampilPegawai()
#4 C:\xampp\htdocs\rw\ci_4_p10\system\CodeIgniter.php(918): App\Controllers\Latihan->index()
#5 C:\xampp\htdocs\rw\ci_4_p10\system\CodeIgniter.php(404): CodeIgniter\CodeIgniter->runController(Object(App\Controllers\Latihan))
#6 C:\xampp\htdocs\rw\ci_4_p10\system\CodeIgniter.php(312): CodeIgniter\CodeIgniter->handleRequest(NULL, Object(Config\Cache), false)
#7 C:\xampp\htdocs\rw\ci_4_p10\index.php(45): CodeIgniter\CodeIgniter->run()
#8 {main}
CRITICAL - 2023-11-27 01:58:29 --> Unable to connect to the database.
#0 C:\xampp\htdocs\rw\ci_4_p10\system\Database\BaseConnection.php(646): CodeIgniter\Database\BaseConnection->initialize()
#1 C:\xampp\htdocs\rw\ci_4_p10\system\Database\BaseBuilder.php(1860): CodeIgniter\Database\BaseConnection->query('SELECT *\nFROM `...', Array, false)
#2 C:\xampp\htdocs\rw\ci_4_p10\app\Models\crud.php(10): CodeIgniter\Database\BaseBuilder->get()
#3 C:\xampp\htdocs\rw\ci_4_p10\app\Controllers\Latihan.php(15): App\Models\crud->tampilPegawai()
#4 C:\xampp\htdocs\rw\ci_4_p10\system\CodeIgniter.php(918): App\Controllers\Latihan->index()
#5 C:\xampp\htdocs\rw\ci_4_p10\system\CodeIgniter.php(404): CodeIgniter\CodeIgniter->runController(Object(App\Controllers\Latihan))
#6 C:\xampp\htdocs\rw\ci_4_p10\system\CodeIgniter.php(312): CodeIgniter\CodeIgniter->handleRequest(NULL, Object(Config\Cache), false)
#7 C:\xampp\htdocs\rw\ci_4_p10\index.php(45): CodeIgniter\CodeIgniter->run()
#8 {main}
CRITICAL - 2023-11-27 02:00:03 --> Unable to connect to the database.
#0 C:\xampp\htdocs\rw\ci_4_p10\system\Database\BaseConnection.php(646): CodeIgniter\Database\BaseConnection->initialize()
#1 C:\xampp\htdocs\rw\ci_4_p10\system\Database\BaseBuilder.php(1860): CodeIgniter\Database\BaseConnection->query('SELECT *\nFROM `...', Array, false)
#2 C:\xampp\htdocs\rw\ci_4_p10\app\Models\crud.php(10): CodeIgniter\Database\BaseBuilder->get()
#3 C:\xampp\htdocs\rw\ci_4_p10\app\Controllers\Latihan.php(15): App\Models\crud->tampilPegawai()
#4 C:\xampp\htdocs\rw\ci_4_p10\system\CodeIgniter.php(918): App\Controllers\Latihan->index()
#5 C:\xampp\htdocs\rw\ci_4_p10\system\CodeIgniter.php(404): CodeIgniter\CodeIgniter->runController(Object(App\Controllers\Latihan))
#6 C:\xampp\htdocs\rw\ci_4_p10\system\CodeIgniter.php(312): CodeIgniter\CodeIgniter->handleRequest(NULL, Object(Config\Cache), false)
#7 C:\xampp\htdocs\rw\ci_4_p10\index.php(45): CodeIgniter\CodeIgniter->run()
#8 {main}
